# JRE version: OpenJDK Runtime Environment (7.0_75-b13) (build 1.7.0_75-b13)
# Java VM: OpenJDK Server VM (24.75-b04 mixed mode linux-x86 )
Heap
 PSYoungGen      total 142080K, used 15354K [0x9dd80000, 0xa7980000, 0xb3300000)
  eden space 126720K, 0% used [0x9dd80000,0x9dd80000,0xa5940000)
  from space 15360K, 99% used [0xa5940000,0xa683e808,0xa6840000)
  to   space 13056K, 0% used [0xa6840000,0xa6840000,0xa7500000)
 ParOldGen       total 42496K, used 40148K [0x73300000, 0x75c80000, 0x9dd80000)
  object space 42496K, 94% used [0x73300000,0x75a352e0,0x75c80000)
 PSPermGen       total 16384K, used 3786K [0x6b300000, 0x6c300000, 0x73300000)
  object space 16384K, 23% used [0x6b300000,0x6b6b2a80,0x6c300000)
GC Heap History (10 events):
Event: 3,641 GC heap after
Heap after GC invocations=2 (full 0):
 PSYoungGen      total 34816K, used 2544K [0x9dd80000, 0xa0200000, 0xb3300000)
  eden space 32256K, 0% used [0x9dd80000,0x9dd80000,0x9fd00000)
  from space 2560K, 99% used [0x9ff80000,0xa01fc060,0xa0200000)
  to   space 2560K, 0% used [0x9fd00000,0x9fd00000,0x9ff80000)
 ParOldGen       total 42496K, used 3238K [0x73300000, 0x75c80000, 0x9dd80000)
  object space 42496K, 7% used [0x73300000,0x73629bb8,0x75c80000)
 PSPermGen       total 16384K, used 3622K [0x6b300000, 0x6c300000, 0x73300000)
  object space 16384K, 22% used [0x6b300000,0x6b689868,0x6c300000)
}
Event: 5,416 GC heap before
{Heap before GC invocations=3 (full 0):
 PSYoungGen      total 34816K, used 34800K [0x9dd80000, 0xa0200000, 0xb3300000)
  eden space 32256K, 100% used [0x9dd80000,0x9fd00000,0x9fd00000)
  from space 2560K, 99% used [0x9ff80000,0xa01fc060,0xa0200000)
  to   space 2560K, 0% used [0x9fd00000,0x9fd00000,0x9ff80000)
 ParOldGen       total 42496K, used 3238K [0x73300000, 0x75c80000, 0x9dd80000)
  object space 42496K, 7% used [0x73300000,0x73629bb8,0x75c80000)
 PSPermGen       total 16384K, used 3653K [0x6b300000, 0x6c300000, 0x73300000)
  object space 16384K, 22% used [0x6b300000,0x6b691590,0x6c300000)
Event: 5,457 GC heap after
Heap after GC invocations=3 (full 0):
 PSYoungGen      total 34816K, used 2545K [0x9dd80000, 0xa2180000, 0xb3300000)
  eden space 32256K, 0% used [0x9dd80000,0x9dd80000,0x9fd00000)
  from space 2560K, 99% used [0x9fd00000,0x9ff7c6c8,0x9ff80000)
  to   space 2560K, 0% used [0xa1f00000,0xa1f00000,0xa2180000)
 ParOldGen       total 42496K, used 8218K [0x73300000, 0x75c80000, 0x9dd80000)
  object space 42496K, 19% used [0x73300000,0x73b06b30,0x75c80000)
 PSPermGen       total 16384K, used 3653K [0x6b300000, 0x6c300000, 0x73300000)
  object space 16384K, 22% used [0x6b300000,0x6b691590,0x6c300000)
}
Event: 6,391 GC heap before
{Heap before GC invocations=4 (full 0):
 PSYoungGen      total 34816K, used 34801K [0x9dd80000, 0xa2180000, 0xb3300000)
  eden space 32256K, 100% used [0x9dd80000,0x9fd00000,0x9fd00000)
  from space 2560K, 99% used [0x9fd00000,0x9ff7c6c8,0x9ff80000)
  to   space 2560K, 0% used [0xa1f00000,0xa1f00000,0xa2180000)
 ParOldGen       total 42496K, used 8218K [0x73300000, 0x75c80000, 0x9dd80000)
  object space 42496K, 19% used [0x73300000,0x73b06b30,0x75c80000)
 PSPermGen       total 16384K, used 3710K [0x6b300000, 0x6c300000, 0x73300000)
  object space 16384K, 22% used [0x6b300000,0x6b69f898,0x6c300000)
Event: 6,548 GC heap after
Heap after GC invocations=4 (full 0):
 PSYoungGen      total 67072K, used 2559K [0x9dd80000, 0xa2180000, 0xb3300000)
  eden space 64512K, 0% used [0x9dd80000,0x9dd80000,0xa1c80000)
  from space 2560K, 99% used [0xa1f00000,0xa217fca8,0xa2180000)
  to   space 2560K, 0% used [0xa1c80000,0xa1c80000,0xa1f00000)
 ParOldGen       total 42496K, used 13151K [0x73300000, 0x75c80000, 0x9dd80000)
  object space 42496K, 30% used [0x73300000,0x73fd7e48,0x75c80000)
 PSPermGen       total 16384K, used 3710K [0x6b300000, 0x6c300000, 0x73300000)
  object space 16384K, 22% used [0x6b300000,0x6b69f898,0x6c300000)
}
Event: 8,293 GC heap before
{Heap before GC invocations=5 (full 0):
 PSYoungGen      total 67072K, used 67071K [0x9dd80000, 0xa2180000, 0xb3300000)
  eden space 64512K, 100% used [0x9dd80000,0xa1c80000,0xa1c80000)
  from space 2560K, 99% used [0xa1f00000,0xa217fca8,0xa2180000)
  to   space 2560K, 0% used [0xa1c80000,0xa1c80000,0xa1f00000)
 ParOldGen       total 42496K, used 13151K [0x73300000, 0x75c80000, 0x9dd80000)
  object space 42496K, 30% used [0x73300000,0x73fd7e48,0x75c80000)
 PSPermGen       total 16384K, used 3742K [0x6b300000, 0x6c300000, 0x73300000)
  object space 16384K, 22% used [0x6b300000,0x6b6a7b18,0x6c300000)
Event: 8,352 GC heap after
Heap after GC invocations=5 (full 0):
 PSYoungGen      total 67072K, used 2547K [0x9dd80000, 0xa7500000, 0xb3300000)
  eden space 64512K, 0% used [0x9dd80000,0x9dd80000,0xa1c80000)
  from space 2560K, 99% used [0xa1c80000,0xa1efcd58,0xa1f00000)
  to   space 13056K, 0% used [0xa6840000,0xa6840000,0xa7500000)
 ParOldGen       total 42496K, used 22924K [0x73300000, 0x75c80000, 0x9dd80000)
  object space 42496K, 53% used [0x73300000,0x749633d8,0x75c80000)
 PSPermGen       total 16384K, used 3742K [0x6b300000, 0x6c300000, 0x73300000)
  object space 16384K, 22% used [0x6b300000,0x6b6a7b18,0x6c300000)
}
Event: 9,043 GC heap before
{Heap before GC invocations=6 (full 0):
 PSYoungGen      total 67072K, used 67059K [0x9dd80000, 0xa7500000, 0xb3300000)
  eden space 64512K, 100% used [0x9dd80000,0xa1c80000,0xa1c80000)
  from space 2560K, 99% used [0xa1c80000,0xa1efcd58,0xa1f00000)
  to   space 13056K, 0% used [0xa6840000,0xa6840000,0xa7500000)
 ParOldGen       total 42496K, used 22924K [0x73300000, 0x75c80000, 0x9dd80000)
  object space 42496K, 53% used [0x73300000,0x749633d8,0x75c80000)
 PSPermGen       total 16384K, used 3749K [0x6b300000, 0x6c300000, 0x73300000)
  object space 16384K, 22% used [0x6b300000,0x6b6a95b8,0x6c300000)
Event: 9,108 GC heap after
Heap after GC invocations=6 (full 0):
 PSYoungGen      total 139776K, used 12952K [0x9dd80000, 0xa7980000, 0xb3300000)
  eden space 126720K, 0% used [0x9dd80000,0x9dd80000,0xa5940000)
  from space 13056K, 99% used [0xa6840000,0xa74e6098,0xa7500000)
  to   space 15360K, 0% used [0xa5940000,0xa5940000,0xa6840000)
 ParOldGen       total 42496K, used 22924K [0x73300000, 0x75c80000, 0x9dd80000)
  object space 42496K, 53% used [0x73300000,0x749633d8,0x75c80000)
 PSPermGen       total 16384K, used 3749K [0x6b300000, 0x6c300000, 0x73300000)
  object space 16384K, 22% used [0x6b300000,0x6b6a95b8,0x6c300000)
}
Event: 10,595 GC heap before
{Heap before GC invocations=7 (full 0):
 PSYoungGen      total 139776K, used 139672K [0x9dd80000, 0xa7980000, 0xb3300000)
  eden space 126720K, 100% used [0x9dd80000,0xa5940000,0xa5940000)
  from space 13056K, 99% used [0xa6840000,0xa74e6098,0xa7500000)
  to   space 15360K, 0% used [0xa5940000,0xa5940000,0xa6840000)
 ParOldGen       total 42496K, used 22924K [0x73300000, 0x75c80000, 0x9dd80000)
  object space 42496K, 53% used [0x73300000,0x749633d8,0x75c80000)
 PSPermGen       total 16384K, used 3786K [0x6b300000, 0x6c300000, 0x73300000)
  object space 16384K, 23% used [0x6b300000,0x6b6b2a80,0x6c300000)

